0 info it worked if it ends with ok
1 verbose cli [ '/usr/bin/node',
1 verbose cli   '/usr/bin/npm',
1 verbose cli   'install',
1 verbose cli   'passport-remember-me' ]
2 info using npm@3.8.8
3 info using node@v6.0.0
4 silly loadCurrentTree Starting
5 silly install loadCurrentTree
6 silly install readLocalPackageData
7 silly fetchPackageMetaData passport-remember-me
8 silly fetchNamedPackageData passport-remember-me
9 silly mapToRegistry name passport-remember-me
10 silly mapToRegistry using default registry
11 silly mapToRegistry registry https://registry.npmjs.org/
12 silly mapToRegistry data Result {
12 silly mapToRegistry   raw: 'passport-remember-me',
12 silly mapToRegistry   scope: null,
12 silly mapToRegistry   name: 'passport-remember-me',
12 silly mapToRegistry   rawSpec: '',
12 silly mapToRegistry   spec: 'latest',
12 silly mapToRegistry   type: 'tag' }
13 silly mapToRegistry uri https://registry.npmjs.org/passport-remember-me
14 verbose request uri https://registry.npmjs.org/passport-remember-me
15 verbose request no auth needed
16 info attempt registry request try #1 at 3:06:58 PM
17 verbose request id d5ce2d5deb65763b
18 verbose etag "8RVB3RZYGZRK98ETHUGVJJD01"
19 http request GET https://registry.npmjs.org/passport-remember-me
20 http 304 https://registry.npmjs.org/passport-remember-me
21 verbose headers { date: 'Wed, 11 May 2016 08:39:50 GMT',
21 verbose headers   via: '1.1 varnish',
21 verbose headers   'cache-control': 'max-age=300',
21 verbose headers   etag: '"8RVB3RZYGZRK98ETHUGVJJD01"',
21 verbose headers   age: '0',
21 verbose headers   connection: 'keep-alive',
21 verbose headers   'x-served-by': 'cache-sin6920-SIN',
21 verbose headers   'x-cache': 'MISS',
21 verbose headers   'x-cache-hits': '0',
21 verbose headers   'x-timer': 'S1462955990.543984,VS0,VE253',
21 verbose headers   vary: 'Accept-Encoding' }
22 silly get cb [ 304,
22 silly get   { date: 'Wed, 11 May 2016 08:39:50 GMT',
22 silly get     via: '1.1 varnish',
22 silly get     'cache-control': 'max-age=300',
22 silly get     etag: '"8RVB3RZYGZRK98ETHUGVJJD01"',
22 silly get     age: '0',
22 silly get     connection: 'keep-alive',
22 silly get     'x-served-by': 'cache-sin6920-SIN',
22 silly get     'x-cache': 'MISS',
22 silly get     'x-cache-hits': '0',
22 silly get     'x-timer': 'S1462955990.543984,VS0,VE253',
22 silly get     vary: 'Accept-Encoding' } ]
23 verbose etag https://registry.npmjs.org/passport-remember-me from cache
24 verbose get saving passport-remember-me to /root/.npm/registry.npmjs.org/passport-remember-me/.cache.json
25 verbose correctMkdir /root/.npm correctMkdir not in flight; initializing
26 silly install normalizeTree
27 silly loadCurrentTree Finishing
28 silly loadIdealTree Starting
29 silly install loadIdealTree
30 silly cloneCurrentTree Starting
31 silly install cloneCurrentTreeToIdealTree
32 silly cloneCurrentTree Finishing
33 silly loadShrinkwrap Starting
34 silly install loadShrinkwrap
35 silly loadShrinkwrap Finishing
36 silly loadAllDepsIntoIdealTree Starting
37 silly install loadAllDepsIntoIdealTree
38 silly resolveWithNewModule passport-remember-me@0.0.1 checking installable status
39 silly cache add args [ 'passport-remember-me', null ]
40 verbose cache add spec passport-remember-me
41 silly cache add parsed spec Result {
41 silly cache add   raw: 'passport-remember-me',
41 silly cache add   scope: null,
41 silly cache add   name: 'passport-remember-me',
41 silly cache add   rawSpec: '',
41 silly cache add   spec: 'latest',
41 silly cache add   type: 'tag' }
42 silly addNamed passport-remember-me@latest
43 verbose addNamed "latest" is being treated as a dist-tag for passport-remember-me
44 info addNameTag [ 'passport-remember-me', 'latest' ]
45 silly mapToRegistry name passport-remember-me
46 silly mapToRegistry using default registry
47 silly mapToRegistry registry https://registry.npmjs.org/
48 silly mapToRegistry data Result {
48 silly mapToRegistry   raw: 'passport-remember-me',
48 silly mapToRegistry   scope: null,
48 silly mapToRegistry   name: 'passport-remember-me',
48 silly mapToRegistry   rawSpec: '',
48 silly mapToRegistry   spec: 'latest',
48 silly mapToRegistry   type: 'tag' }
49 silly mapToRegistry uri https://registry.npmjs.org/passport-remember-me
50 verbose addNameTag registry:https://registry.npmjs.org/passport-remember-me not in flight; fetching
51 verbose get https://registry.npmjs.org/passport-remember-me not expired, no request
52 silly addNameTag next cb for passport-remember-me with tag latest
53 silly addNamed passport-remember-me@0.0.1
54 verbose addNamed "0.0.1" is a plain semver version for passport-remember-me
55 silly mapToRegistry name passport-remember-me
56 silly mapToRegistry using default registry
57 silly mapToRegistry registry https://registry.npmjs.org/
58 silly mapToRegistry data Result {
58 silly mapToRegistry   raw: 'passport-remember-me',
58 silly mapToRegistry   scope: null,
58 silly mapToRegistry   name: 'passport-remember-me',
58 silly mapToRegistry   rawSpec: '',
58 silly mapToRegistry   spec: 'latest',
58 silly mapToRegistry   type: 'tag' }
59 silly mapToRegistry uri https://registry.npmjs.org/passport-remember-me
60 verbose addRemoteTarball https://registry.npmjs.org/passport-remember-me/-/passport-remember-me-0.0.1.tgz not in flight; adding
61 verbose addRemoteTarball [ 'https://registry.npmjs.org/passport-remember-me/-/passport-remember-me-0.0.1.tgz',
61 verbose addRemoteTarball   '0aa6095c82480f44619456aef363ccb929bc2bc3' ]
62 info retry fetch attempt 1 at 3:08:05 PM
63 info attempt registry request try #1 at 3:08:05 PM
64 http fetch GET https://registry.npmjs.org/passport-remember-me/-/passport-remember-me-0.0.1.tgz
65 http fetch 200 https://registry.npmjs.org/passport-remember-me/-/passport-remember-me-0.0.1.tgz
66 silly fetchAndShaCheck shasum 0aa6095c82480f44619456aef363ccb929bc2bc3
67 verbose addTmpTarball /tmp/npm-19490-90b27da7/registry.npmjs.org/passport-remember-me/-/passport-remember-me-0.0.1.tgz not in flight; adding
68 verbose addTmpTarball already have metadata; skipping unpack for passport-remember-me@0.0.1
69 verbose correctMkdir /root/.npm correctMkdir not in flight; initializing
70 silly cache afterAdd passport-remember-me@0.0.1
71 verbose afterAdd /root/.npm/passport-remember-me/0.0.1/package/package.json not in flight; writing
72 verbose correctMkdir /root/.npm correctMkdir not in flight; initializing
73 verbose afterAdd /root/.npm/passport-remember-me/0.0.1/package/package.json written
74 silly fetchNamedPackageData passport
75 silly mapToRegistry name passport
76 silly mapToRegistry using default registry
77 silly mapToRegistry registry https://registry.npmjs.org/
78 silly mapToRegistry data Result {
78 silly mapToRegistry   raw: 'passport',
78 silly mapToRegistry   scope: null,
78 silly mapToRegistry   name: 'passport',
78 silly mapToRegistry   rawSpec: '',
78 silly mapToRegistry   spec: 'latest',
78 silly mapToRegistry   type: 'tag' }
79 silly mapToRegistry uri https://registry.npmjs.org/passport
80 verbose request uri https://registry.npmjs.org/passport
81 verbose request no auth needed
82 info attempt registry request try #1 at 3:08:06 PM
83 http request GET https://registry.npmjs.org/passport
84 http 200 https://registry.npmjs.org/passport
85 verbose headers { server: 'CouchDB/1.5.0 (Erlang OTP/R16B03)',
85 verbose headers   etag: '"9DZOBDB7GJM1UK8G49GUQH4QI"',
85 verbose headers   'content-type': 'application/json',
85 verbose headers   'content-encoding': 'gzip',
85 verbose headers   'cache-control': 'max-age=300',
85 verbose headers   'content-length': '8513',
85 verbose headers   'accept-ranges': 'bytes',
85 verbose headers   date: 'Wed, 11 May 2016 08:39:53 GMT',
85 verbose headers   via: '1.1 varnish',
85 verbose headers   age: '208',
85 verbose headers   connection: 'keep-alive',
85 verbose headers   'x-served-by': 'cache-sin6920-SIN',
85 verbose headers   'x-cache': 'HIT',
85 verbose headers   'x-cache-hits': '1',
85 verbose headers   'x-timer': 'S1462955993.063892,VS0,VE0',
85 verbose headers   vary: 'Accept-Encoding' }
86 silly get cb [ 200,
86 silly get   { server: 'CouchDB/1.5.0 (Erlang OTP/R16B03)',
86 silly get     etag: '"9DZOBDB7GJM1UK8G49GUQH4QI"',
86 silly get     'content-type': 'application/json',
86 silly get     'content-encoding': 'gzip',
86 silly get     'cache-control': 'max-age=300',
86 silly get     'content-length': '8513',
86 silly get     'accept-ranges': 'bytes',
86 silly get     date: 'Wed, 11 May 2016 08:39:53 GMT',
86 silly get     via: '1.1 varnish',
86 silly get     age: '208',
86 silly get     connection: 'keep-alive',
86 silly get     'x-served-by': 'cache-sin6920-SIN',
86 silly get     'x-cache': 'HIT',
86 silly get     'x-cache-hits': '1',
86 silly get     'x-timer': 'S1462955993.063892,VS0,VE0',
86 silly get     vary: 'Accept-Encoding' } ]
87 verbose get saving passport to /root/.npm/registry.npmjs.org/passport/.cache.json
88 verbose correctMkdir /root/.npm correctMkdir not in flight; initializing
89 silly resolveWithNewModule passport@0.1.18 checking installable status
90 silly cache add args [ 'passport@~0.1.1', null ]
91 verbose cache add spec passport@~0.1.1
92 silly cache add parsed spec Result {
92 silly cache add   raw: 'passport@~0.1.1',
92 silly cache add   scope: null,
92 silly cache add   name: 'passport',
92 silly cache add   rawSpec: '~0.1.1',
92 silly cache add   spec: '>=0.1.1 <0.2.0',
92 silly cache add   type: 'range' }
93 silly addNamed passport@>=0.1.1 <0.2.0
94 verbose addNamed ">=0.1.1 <0.2.0" is a valid semver range for passport
95 silly addNameRange { name: 'passport', range: '>=0.1.1 <0.2.0', hasData: false }
96 silly mapToRegistry name passport
97 silly mapToRegistry using default registry
98 silly mapToRegistry registry https://registry.npmjs.org/
99 silly mapToRegistry data Result {
99 silly mapToRegistry   raw: 'passport',
99 silly mapToRegistry   scope: null,
99 silly mapToRegistry   name: 'passport',
99 silly mapToRegistry   rawSpec: '',
99 silly mapToRegistry   spec: 'latest',
99 silly mapToRegistry   type: 'tag' }
100 silly mapToRegistry uri https://registry.npmjs.org/passport
101 verbose addNameRange registry:https://registry.npmjs.org/passport not in flight; fetching
102 verbose get https://registry.npmjs.org/passport not expired, no request
103 silly addNameRange number 2 { name: 'passport', range: '>=0.1.1 <0.2.0', hasData: true }
104 silly addNameRange versions [ 'passport',
104 silly addNameRange   [ '0.1.0',
104 silly addNameRange     '0.1.1',
104 silly addNameRange     '0.1.2',
104 silly addNameRange     '0.1.3',
104 silly addNameRange     '0.1.4',
104 silly addNameRange     '0.1.5',
104 silly addNameRange     '0.1.6',
104 silly addNameRange     '0.1.7',
104 silly addNameRange     '0.1.8',
104 silly addNameRange     '0.1.9',
104 silly addNameRange     '0.1.10',
104 silly addNameRange     '0.1.11',
104 silly addNameRange     '0.1.12',
104 silly addNameRange     '0.1.13',
104 silly addNameRange     '0.1.14',
104 silly addNameRange     '0.1.15',
104 silly addNameRange     '0.1.16',
104 silly addNameRange     '0.1.17',
104 silly addNameRange     '0.1.18',
104 silly addNameRange     '0.2.0',
104 silly addNameRange     '0.2.1',
104 silly addNameRange     '0.2.2',
104 silly addNameRange     '0.3.0',
104 silly addNameRange     '0.3.1',
104 silly addNameRange     '0.3.2' ] ]
105 silly addNamed passport@0.1.18
106 verbose addNamed "0.1.18" is a plain semver version for passport
107 silly mapToRegistry name passport
108 silly mapToRegistry using default registry
109 silly mapToRegistry registry https://registry.npmjs.org/
110 silly mapToRegistry data Result {
110 silly mapToRegistry   raw: 'passport',
110 silly mapToRegistry   scope: null,
110 silly mapToRegistry   name: 'passport',
110 silly mapToRegistry   rawSpec: '',
110 silly mapToRegistry   spec: 'latest',
110 silly mapToRegistry   type: 'tag' }
111 silly mapToRegistry uri https://registry.npmjs.org/passport
112 verbose addRemoteTarball https://registry.npmjs.org/passport/-/passport-0.1.18.tgz not in flight; adding
113 verbose addRemoteTarball [ 'https://registry.npmjs.org/passport/-/passport-0.1.18.tgz',
113 verbose addRemoteTarball   'c8264479dcb6414cadbb66752d12b37e0b6525a1' ]
114 info retry fetch attempt 1 at 3:08:07 PM
115 info attempt registry request try #1 at 3:08:07 PM
116 http fetch GET https://registry.npmjs.org/passport/-/passport-0.1.18.tgz
117 http fetch 200 https://registry.npmjs.org/passport/-/passport-0.1.18.tgz
118 silly fetchAndShaCheck shasum c8264479dcb6414cadbb66752d12b37e0b6525a1
119 verbose addTmpTarball /tmp/npm-19490-90b27da7/registry.npmjs.org/passport/-/passport-0.1.18.tgz not in flight; adding
120 verbose addTmpTarball already have metadata; skipping unpack for passport@0.1.18
121 verbose correctMkdir /root/.npm correctMkdir not in flight; initializing
122 silly cache afterAdd passport@0.1.18
123 verbose afterAdd /root/.npm/passport/0.1.18/package/package.json not in flight; writing
124 verbose correctMkdir /root/.npm correctMkdir not in flight; initializing
125 verbose afterAdd /root/.npm/passport/0.1.18/package/package.json written
126 silly loadAllDepsIntoIdealTree Finishing
127 silly idealTree:prePrune Express@0.0.0
127 silly idealTree:prePrune +-- accepts@1.2.13
127 silly idealTree:prePrune +-- array-flatten@1.1.1
127 silly idealTree:prePrune +-- async@0.9.0
127 silly idealTree:prePrune +-- base64-url@1.2.1
127 silly idealTree:prePrune +-- basic-auth@1.0.3
127 silly idealTree:prePrune +-- bcrypt-nodejs@0.0.3
127 silly idealTree:prePrune +-- bindings@1.2.1
127 silly idealTree:prePrune +-- bluebird@2.9.26
127 silly idealTree:prePrune +-- body-parser@1.13.3
127 silly idealTree:prePrune +-- bson@0.4.19
127 silly idealTree:prePrune +-- bytes@2.1.0
127 silly idealTree:prePrune +-- component-props@1.1.1
127 silly idealTree:prePrune +-- connect-flash@0.1.1
127 silly idealTree:prePrune +-- content-disposition@0.5.0
127 silly idealTree:prePrune +-- content-type@1.0.1
127 silly idealTree:prePrune +-- cookie-parser@1.3.5
127 silly idealTree:prePrune +-- cookie-signature@1.0.6
127 silly idealTree:prePrune +-- cookie@0.1.3
127 silly idealTree:prePrune +-- core-util-is@1.0.2
127 silly idealTree:prePrune +-- cors@2.7.1
127 silly idealTree:prePrune +-- crc@3.4.0
127 silly idealTree:prePrune +-- debug@2.2.0
127 silly idealTree:prePrune +-- deep-equal@0.2.1
127 silly idealTree:prePrune +-- depd@1.0.1
127 silly idealTree:prePrune +-- destroy@1.0.3
127 silly idealTree:prePrune +-- ee-first@1.1.1
127 silly idealTree:prePrune +-- ejs@2.3.4
127 silly idealTree:prePrune +-- es6-promise@3.0.2
127 silly idealTree:prePrune +-- escape-html@1.0.2
127 silly idealTree:prePrune +-- etag@1.7.0
127 silly idealTree:prePrune +-- express-session@1.13.0
127 silly idealTree:prePrune | +-- cookie@0.2.3
127 silly idealTree:prePrune | `-- depd@1.1.0
127 silly idealTree:prePrune +-- express@4.13.3
127 silly idealTree:prePrune +-- fibers@1.0.13
127 silly idealTree:prePrune +-- filereader-stream@0.2.0
127 silly idealTree:prePrune | `-- inherits@1.0.0
127 silly idealTree:prePrune +-- finalhandler@0.4.0
127 silly idealTree:prePrune +-- forwarded@0.1.0
127 silly idealTree:prePrune +-- fresh@0.3.0
127 silly idealTree:prePrune +-- hooks-fixed@1.1.0
127 silly idealTree:prePrune +-- http-errors@1.3.1
127 silly idealTree:prePrune +-- iconv-lite@0.4.11
127 silly idealTree:prePrune +-- id3js@1.1.3
127 silly idealTree:prePrune +-- inherits@2.0.1
127 silly idealTree:prePrune +-- ipaddr.js@1.0.5
127 silly idealTree:prePrune +-- isarray@0.0.1
127 silly idealTree:prePrune +-- kareem@1.0.1
127 silly idealTree:prePrune +-- media-typer@0.3.0
127 silly idealTree:prePrune +-- merge-descriptors@1.0.0
127 silly idealTree:prePrune +-- methods@1.1.1
127 silly idealTree:prePrune +-- mime-db@1.21.0
127 silly idealTree:prePrune +-- mime-types@2.1.9
127 silly idealTree:prePrune +-- mime@1.3.4
127 silly idealTree:prePrune +-- mongodb-core@1.2.30
127 silly idealTree:prePrune | `-- bson@0.4.21
127 silly idealTree:prePrune +-- mongodb@2.1.2
127 silly idealTree:prePrune +-- mongoose@4.3.5
127 silly idealTree:prePrune +-- morgan@1.6.1
127 silly idealTree:prePrune +-- mpath@0.1.1
127 silly idealTree:prePrune +-- mpromise@0.5.4
127 silly idealTree:prePrune +-- mquery@1.6.3
127 silly idealTree:prePrune +-- ms@0.7.1
127 silly idealTree:prePrune +-- muri@1.0.0
127 silly idealTree:prePrune +-- musicmetadata@2.0.2
127 silly idealTree:prePrune +-- nan@2.0.5
127 silly idealTree:prePrune +-- negotiator@0.5.3
127 silly idealTree:prePrune +-- node-localstorage@1.1.2
127 silly idealTree:prePrune +-- on-finished@2.3.0
127 silly idealTree:prePrune +-- on-headers@1.0.1
127 silly idealTree:prePrune +-- parseurl@1.3.0
127 silly idealTree:prePrune +-- passport-local@1.0.0
127 silly idealTree:prePrune +-- passport-remember-me@0.0.1
127 silly idealTree:prePrune | `-- passport@0.1.18
127 silly idealTree:prePrune +-- passport-strategy@1.0.0
127 silly idealTree:prePrune +-- passport@0.3.2
127 silly idealTree:prePrune +-- path-to-regexp@0.1.7
127 silly idealTree:prePrune +-- pause@0.0.1
127 silly idealTree:prePrune +-- pkginfo@0.2.3
127 silly idealTree:prePrune +-- proxy-addr@1.0.10
127 silly idealTree:prePrune +-- qs@4.0.0
127 silly idealTree:prePrune +-- range-parser@1.0.3
127 silly idealTree:prePrune +-- raw-body@2.1.5
127 silly idealTree:prePrune | +-- bytes@2.2.0
127 silly idealTree:prePrune | `-- iconv-lite@0.4.13
127 silly idealTree:prePrune +-- readable-stream@1.0.31
127 silly idealTree:prePrune +-- regexp-clone@0.0.1
127 silly idealTree:prePrune +-- send@0.13.0
127 silly idealTree:prePrune +-- serve-favicon@2.3.0
127 silly idealTree:prePrune +-- serve-static@1.10.0
127 silly idealTree:prePrune +-- sliced@0.0.5
127 silly idealTree:prePrune +-- statuses@1.2.1
127 silly idealTree:prePrune +-- string_decoder@0.10.31
127 silly idealTree:prePrune +-- strtok2@1.0.1
127 silly idealTree:prePrune +-- sum-component@0.1.1
127 silly idealTree:prePrune +-- sync@0.2.5
127 silly idealTree:prePrune +-- through@2.3.8
127 silly idealTree:prePrune +-- to-function@2.0.6
127 silly idealTree:prePrune +-- type-is@1.6.10
127 silly idealTree:prePrune +-- uid-safe@2.0.0
127 silly idealTree:prePrune +-- unpipe@1.0.0
127 silly idealTree:prePrune +-- utils-merge@1.0.0
127 silly idealTree:prePrune `-- vary@1.0.1
128 silly loadIdealTree Finishing
129 silly currentTree Express@0.0.0
129 silly currentTree +-- accepts@1.2.13
129 silly currentTree +-- array-flatten@1.1.1
129 silly currentTree +-- async@0.9.0
129 silly currentTree +-- base64-url@1.2.1
129 silly currentTree +-- basic-auth@1.0.3
129 silly currentTree +-- bcrypt-nodejs@0.0.3
129 silly currentTree +-- bindings@1.2.1
129 silly currentTree +-- bluebird@2.9.26
129 silly currentTree +-- body-parser@1.13.3
129 silly currentTree +-- bson@0.4.19
129 silly currentTree +-- bytes@2.1.0
129 silly currentTree +-- component-props@1.1.1
129 silly currentTree +-- connect-flash@0.1.1
129 silly currentTree +-- content-disposition@0.5.0
129 silly currentTree +-- content-type@1.0.1
129 silly currentTree +-- cookie-parser@1.3.5
129 silly currentTree +-- cookie-signature@1.0.6
129 silly currentTree +-- cookie@0.1.3
129 silly currentTree +-- core-util-is@1.0.2
129 silly currentTree +-- cors@2.7.1
129 silly currentTree +-- crc@3.4.0
129 silly currentTree +-- debug@2.2.0
129 silly currentTree +-- deep-equal@0.2.1
129 silly currentTree +-- depd@1.0.1
129 silly currentTree +-- destroy@1.0.3
129 silly currentTree +-- ee-first@1.1.1
129 silly currentTree +-- ejs@2.3.4
129 silly currentTree +-- es6-promise@3.0.2
129 silly currentTree +-- escape-html@1.0.2
129 silly currentTree +-- etag@1.7.0
129 silly currentTree +-- express-session@1.13.0
129 silly currentTree | +-- cookie@0.2.3
129 silly currentTree | `-- depd@1.1.0
129 silly currentTree +-- express@4.13.3
129 silly currentTree +-- fibers@1.0.13
129 silly currentTree +-- filereader-stream@0.2.0
129 silly currentTree | `-- inherits@1.0.0
129 silly currentTree +-- finalhandler@0.4.0
129 silly currentTree +-- forwarded@0.1.0
129 silly currentTree +-- fresh@0.3.0
129 silly currentTree +-- hooks-fixed@1.1.0
129 silly currentTree +-- http-errors@1.3.1
129 silly currentTree +-- iconv-lite@0.4.11
129 silly currentTree +-- id3js@1.1.3
129 silly currentTree +-- inherits@2.0.1
129 silly currentTree +-- ipaddr.js@1.0.5
129 silly currentTree +-- isarray@0.0.1
129 silly currentTree +-- kareem@1.0.1
129 silly currentTree +-- media-typer@0.3.0
129 silly currentTree +-- merge-descriptors@1.0.0
129 silly currentTree +-- methods@1.1.1
129 silly currentTree +-- mime-db@1.21.0
129 silly currentTree +-- mime-types@2.1.9
129 silly currentTree +-- mime@1.3.4
129 silly currentTree +-- mongodb-core@1.2.30
129 silly currentTree | `-- bson@0.4.21
129 silly currentTree +-- mongodb@2.1.2
129 silly currentTree +-- mongoose@4.3.5
129 silly currentTree +-- morgan@1.6.1
129 silly currentTree +-- mpath@0.1.1
129 silly currentTree +-- mpromise@0.5.4
129 silly currentTree +-- mquery@1.6.3
129 silly currentTree +-- ms@0.7.1
129 silly currentTree +-- muri@1.0.0
129 silly currentTree +-- musicmetadata@2.0.2
129 silly currentTree +-- nan@2.0.5
129 silly currentTree +-- negotiator@0.5.3
129 silly currentTree +-- node-localstorage@1.1.2
129 silly currentTree +-- on-finished@2.3.0
129 silly currentTree +-- on-headers@1.0.1
129 silly currentTree +-- parseurl@1.3.0
129 silly currentTree +-- passport-local@1.0.0
129 silly currentTree +-- passport-strategy@1.0.0
129 silly currentTree +-- passport@0.3.2
129 silly currentTree +-- path-to-regexp@0.1.7
129 silly currentTree +-- pause@0.0.1
129 silly currentTree +-- pkginfo@0.2.3
129 silly currentTree +-- proxy-addr@1.0.10
129 silly currentTree +-- qs@4.0.0
129 silly currentTree +-- range-parser@1.0.3
129 silly currentTree +-- raw-body@2.1.5
129 silly currentTree | +-- bytes@2.2.0
129 silly currentTree | `-- iconv-lite@0.4.13
129 silly currentTree +-- readable-stream@1.0.31
129 silly currentTree +-- regexp-clone@0.0.1
129 silly currentTree +-- send@0.13.0
129 silly currentTree +-- serve-favicon@2.3.0
129 silly currentTree +-- serve-static@1.10.0
129 silly currentTree +-- sliced@0.0.5
129 silly currentTree +-- statuses@1.2.1
129 silly currentTree +-- string_decoder@0.10.31
129 silly currentTree +-- strtok2@1.0.1
129 silly currentTree +-- sum-component@0.1.1
129 silly currentTree +-- sync@0.2.5
129 silly currentTree +-- through@2.3.8
129 silly currentTree +-- to-function@2.0.6
129 silly currentTree +-- type-is@1.6.10
129 silly currentTree +-- uid-safe@2.0.0
129 silly currentTree +-- unpipe@1.0.0
129 silly currentTree +-- utils-merge@1.0.0
129 silly currentTree `-- vary@1.0.1
130 silly idealTree Express@0.0.0
130 silly idealTree +-- accepts@1.2.13
130 silly idealTree +-- array-flatten@1.1.1
130 silly idealTree +-- async@0.9.0
130 silly idealTree +-- base64-url@1.2.1
130 silly idealTree +-- basic-auth@1.0.3
130 silly idealTree +-- bcrypt-nodejs@0.0.3
130 silly idealTree +-- bindings@1.2.1
130 silly idealTree +-- bluebird@2.9.26
130 silly idealTree +-- body-parser@1.13.3
130 silly idealTree +-- bson@0.4.19
130 silly idealTree +-- bytes@2.1.0
130 silly idealTree +-- component-props@1.1.1
130 silly idealTree +-- connect-flash@0.1.1
130 silly idealTree +-- content-disposition@0.5.0
130 silly idealTree +-- content-type@1.0.1
130 silly idealTree +-- cookie-parser@1.3.5
130 silly idealTree +-- cookie-signature@1.0.6
130 silly idealTree +-- cookie@0.1.3
130 silly idealTree +-- core-util-is@1.0.2
130 silly idealTree +-- cors@2.7.1
130 silly idealTree +-- crc@3.4.0
130 silly idealTree +-- debug@2.2.0
130 silly idealTree +-- deep-equal@0.2.1
130 silly idealTree +-- depd@1.0.1
130 silly idealTree +-- destroy@1.0.3
130 silly idealTree +-- ee-first@1.1.1
130 silly idealTree +-- ejs@2.3.4
130 silly idealTree +-- es6-promise@3.0.2
130 silly idealTree +-- escape-html@1.0.2
130 silly idealTree +-- etag@1.7.0
130 silly idealTree +-- express-session@1.13.0
130 silly idealTree | +-- cookie@0.2.3
130 silly idealTree | `-- depd@1.1.0
130 silly idealTree +-- express@4.13.3
130 silly idealTree +-- fibers@1.0.13
130 silly idealTree +-- filereader-stream@0.2.0
130 silly idealTree | `-- inherits@1.0.0
130 silly idealTree +-- finalhandler@0.4.0
130 silly idealTree +-- forwarded@0.1.0
130 silly idealTree +-- fresh@0.3.0
130 silly idealTree +-- hooks-fixed@1.1.0
130 silly idealTree +-- http-errors@1.3.1
130 silly idealTree +-- iconv-lite@0.4.11
130 silly idealTree +-- id3js@1.1.3
130 silly idealTree +-- inherits@2.0.1
130 silly idealTree +-- ipaddr.js@1.0.5
130 silly idealTree +-- isarray@0.0.1
130 silly idealTree +-- kareem@1.0.1
130 silly idealTree +-- media-typer@0.3.0
130 silly idealTree +-- merge-descriptors@1.0.0
130 silly idealTree +-- methods@1.1.1
130 silly idealTree +-- mime-db@1.21.0
130 silly idealTree +-- mime-types@2.1.9
130 silly idealTree +-- mime@1.3.4
130 silly idealTree +-- mongodb-core@1.2.30
130 silly idealTree | `-- bson@0.4.21
130 silly idealTree +-- mongodb@2.1.2
130 silly idealTree +-- mongoose@4.3.5
130 silly idealTree +-- morgan@1.6.1
130 silly idealTree +-- mpath@0.1.1
130 silly idealTree +-- mpromise@0.5.4
130 silly idealTree +-- mquery@1.6.3
130 silly idealTree +-- ms@0.7.1
130 silly idealTree +-- muri@1.0.0
130 silly idealTree +-- musicmetadata@2.0.2
130 silly idealTree +-- nan@2.0.5
130 silly idealTree +-- negotiator@0.5.3
130 silly idealTree +-- node-localstorage@1.1.2
130 silly idealTree +-- on-finished@2.3.0
130 silly idealTree +-- on-headers@1.0.1
130 silly idealTree +-- parseurl@1.3.0
130 silly idealTree +-- passport-local@1.0.0
130 silly idealTree +-- passport-remember-me@0.0.1
130 silly idealTree | `-- passport@0.1.18
130 silly idealTree +-- passport-strategy@1.0.0
130 silly idealTree +-- passport@0.3.2
130 silly idealTree +-- path-to-regexp@0.1.7
130 silly idealTree +-- pause@0.0.1
130 silly idealTree +-- pkginfo@0.2.3
130 silly idealTree +-- proxy-addr@1.0.10
130 silly idealTree +-- qs@4.0.0
130 silly idealTree +-- range-parser@1.0.3
130 silly idealTree +-- raw-body@2.1.5
130 silly idealTree | +-- bytes@2.2.0
130 silly idealTree | `-- iconv-lite@0.4.13
130 silly idealTree +-- readable-stream@1.0.31
130 silly idealTree +-- regexp-clone@0.0.1
130 silly idealTree +-- send@0.13.0
130 silly idealTree +-- serve-favicon@2.3.0
130 silly idealTree +-- serve-static@1.10.0
130 silly idealTree +-- sliced@0.0.5
130 silly idealTree +-- statuses@1.2.1
130 silly idealTree +-- string_decoder@0.10.31
130 silly idealTree +-- strtok2@1.0.1
130 silly idealTree +-- sum-component@0.1.1
130 silly idealTree +-- sync@0.2.5
130 silly idealTree +-- through@2.3.8
130 silly idealTree +-- to-function@2.0.6
130 silly idealTree +-- type-is@1.6.10
130 silly idealTree +-- uid-safe@2.0.0
130 silly idealTree +-- unpipe@1.0.0
130 silly idealTree +-- utils-merge@1.0.0
130 silly idealTree `-- vary@1.0.1
131 silly generateActionsToTake Starting
132 silly install generateActionsToTake
133 silly generateActionsToTake Finishing
134 silly diffTrees action count 6
135 silly diffTrees update fibers@1.0.13
136 silly diffTrees add passport@0.1.18
137 silly diffTrees update bcrypt-nodejs@0.0.3
138 silly diffTrees update cors@2.7.1
139 silly diffTrees update node-localstorage@1.1.2
140 silly diffTrees add passport-remember-me@0.0.1
141 silly decomposeActions action count 48
142 silly decomposeActions fetch fibers@1.0.13
143 silly decomposeActions extract fibers@1.0.13
144 silly decomposeActions test fibers@1.0.13
145 silly decomposeActions preinstall fibers@1.0.13
146 silly decomposeActions build fibers@1.0.13
147 silly decomposeActions install fibers@1.0.13
148 silly decomposeActions postinstall fibers@1.0.13
149 silly decomposeActions finalize fibers@1.0.13
150 silly decomposeActions fetch passport@0.1.18
151 silly decomposeActions extract passport@0.1.18
152 silly decomposeActions test passport@0.1.18
153 silly decomposeActions preinstall passport@0.1.18
154 silly decomposeActions build passport@0.1.18
155 silly decomposeActions install passport@0.1.18
156 silly decomposeActions postinstall passport@0.1.18
157 silly decomposeActions finalize passport@0.1.18
158 silly decomposeActions fetch bcrypt-nodejs@0.0.3
159 silly decomposeActions extract bcrypt-nodejs@0.0.3
160 silly decomposeActions test bcrypt-nodejs@0.0.3
161 silly decomposeActions preinstall bcrypt-nodejs@0.0.3
162 silly decomposeActions build bcrypt-nodejs@0.0.3
163 silly decomposeActions install bcrypt-nodejs@0.0.3
164 silly decomposeActions postinstall bcrypt-nodejs@0.0.3
165 silly decomposeActions finalize bcrypt-nodejs@0.0.3
166 silly decomposeActions fetch cors@2.7.1
167 silly decomposeActions extract cors@2.7.1
168 silly decomposeActions test cors@2.7.1
169 silly decomposeActions preinstall cors@2.7.1
170 silly decomposeActions build cors@2.7.1
171 silly decomposeActions install cors@2.7.1
172 silly decomposeActions postinstall cors@2.7.1
173 silly decomposeActions finalize cors@2.7.1
174 silly decomposeActions fetch node-localstorage@1.1.2
175 silly decomposeActions extract node-localstorage@1.1.2
176 silly decomposeActions test node-localstorage@1.1.2
177 silly decomposeActions preinstall node-localstorage@1.1.2
178 silly decomposeActions build node-localstorage@1.1.2
179 silly decomposeActions install node-localstorage@1.1.2
180 silly decomposeActions postinstall node-localstorage@1.1.2
181 silly decomposeActions finalize node-localstorage@1.1.2
182 silly decomposeActions fetch passport-remember-me@0.0.1
183 silly decomposeActions extract passport-remember-me@0.0.1
184 silly decomposeActions test passport-remember-me@0.0.1
185 silly decomposeActions preinstall passport-remember-me@0.0.1
186 silly decomposeActions build passport-remember-me@0.0.1
187 silly decomposeActions install passport-remember-me@0.0.1
188 silly decomposeActions postinstall passport-remember-me@0.0.1
189 silly decomposeActions finalize passport-remember-me@0.0.1
190 silly executeActions Starting
191 silly install executeActions
192 silly doSerial global-install 0
193 silly doParallel fetch 6
194 verbose correctMkdir /root/.npm/_locks correctMkdir not in flight; initializing
195 verbose lock using /root/.npm/_locks/staging-1aa9ce0c4dc9ced5.lock for /myfile/dc/abcd/Lanify/node_modules/.staging
196 silly doParallel extract 6
197 silly extract fibers@1.0.13
198 silly extract passport@0.1.18
199 silly extract bcrypt-nodejs@0.0.3
200 silly extract cors@2.7.1
201 silly extract node-localstorage@1.1.2
202 silly extract passport-remember-me@0.0.1
203 silly addNamed bcrypt-nodejs@0.0.3
204 verbose addNamed "0.0.3" is a plain semver version for bcrypt-nodejs
205 silly mapToRegistry name bcrypt-nodejs
206 silly mapToRegistry using default registry
207 silly mapToRegistry registry https://registry.npmjs.org/
208 silly mapToRegistry data Result {
208 silly mapToRegistry   raw: 'bcrypt-nodejs',
208 silly mapToRegistry   scope: null,
208 silly mapToRegistry   name: 'bcrypt-nodejs',
208 silly mapToRegistry   rawSpec: '',
208 silly mapToRegistry   spec: 'latest',
208 silly mapToRegistry   type: 'tag' }
209 silly mapToRegistry uri https://registry.npmjs.org/bcrypt-nodejs
210 verbose addNameVersion registry:https://registry.npmjs.org/bcrypt-nodejs not in flight; fetching
211 silly addNamed cors@2.7.1
212 verbose addNamed "2.7.1" is a plain semver version for cors
213 silly mapToRegistry name cors
214 silly mapToRegistry using default registry
215 silly mapToRegistry registry https://registry.npmjs.org/
216 silly mapToRegistry data Result {
216 silly mapToRegistry   raw: 'cors',
216 silly mapToRegistry   scope: null,
216 silly mapToRegistry   name: 'cors',
216 silly mapToRegistry   rawSpec: '',
216 silly mapToRegistry   spec: 'latest',
216 silly mapToRegistry   type: 'tag' }
217 silly mapToRegistry uri https://registry.npmjs.org/cors
218 verbose addNameVersion registry:https://registry.npmjs.org/cors not in flight; fetching
219 silly addNamed node-localstorage@1.1.2
220 verbose addNamed "1.1.2" is a plain semver version for node-localstorage
221 silly mapToRegistry name node-localstorage
222 silly mapToRegistry using default registry
223 silly mapToRegistry registry https://registry.npmjs.org/
224 silly mapToRegistry data Result {
224 silly mapToRegistry   raw: 'node-localstorage',
224 silly mapToRegistry   scope: null,
224 silly mapToRegistry   name: 'node-localstorage',
224 silly mapToRegistry   rawSpec: '',
224 silly mapToRegistry   spec: 'latest',
224 silly mapToRegistry   type: 'tag' }
225 silly mapToRegistry uri https://registry.npmjs.org/node-localstorage
226 verbose addNameVersion registry:https://registry.npmjs.org/node-localstorage not in flight; fetching
227 verbose unbuild node_modules/.staging/fibers-4047e23a
228 verbose unbuild node_modules/.staging/passport-9fb70bc6
229 verbose unbuild node_modules/.staging/passport-remember-me-67c6b11d
230 silly gentlyRm /myfile/dc/abcd/Lanify/node_modules/.staging/fibers-4047e23a is being purged from base /myfile/dc/abcd/Lanify
231 verbose gentlyRm don't care about contents; nuking /myfile/dc/abcd/Lanify/node_modules/.staging/fibers-4047e23a
232 silly gentlyRm /myfile/dc/abcd/Lanify/node_modules/.staging/passport-9fb70bc6 is being purged from base /myfile/dc/abcd/Lanify
233 verbose gentlyRm don't care about contents; nuking /myfile/dc/abcd/Lanify/node_modules/.staging/passport-9fb70bc6
234 verbose request uri https://registry.npmjs.org/bcrypt-nodejs
235 verbose request no auth needed
236 info attempt registry request try #1 at 3:10:59 PM
237 verbose etag "64QH7KLVRUYE4VUH9PVXMU5GO"
238 http request GET https://registry.npmjs.org/bcrypt-nodejs
239 verbose request uri https://registry.npmjs.org/cors
240 verbose request no auth needed
241 info attempt registry request try #1 at 3:10:59 PM
242 verbose etag "8BWO6OON359E4RKJ7EK0500UF"
243 http request GET https://registry.npmjs.org/cors
244 verbose request uri https://registry.npmjs.org/node-localstorage
245 verbose request no auth needed
246 info attempt registry request try #1 at 3:10:59 PM
247 verbose etag "MMCMMFHW3510GY6OX91J0GNJ"
248 http request GET https://registry.npmjs.org/node-localstorage
249 silly gentlyRm /myfile/dc/abcd/Lanify/node_modules/.staging/passport-remember-me-67c6b11d is being purged from base /myfile/dc/abcd/Lanify
250 verbose gentlyRm don't care about contents; nuking /myfile/dc/abcd/Lanify/node_modules/.staging/passport-remember-me-67c6b11d
251 verbose tar unpack /root/.npm/fibers/1.0.13/package.tgz
252 verbose tar unpacking to /myfile/dc/abcd/Lanify/node_modules/.staging/fibers-4047e23a
253 silly gentlyRm /myfile/dc/abcd/Lanify/node_modules/.staging/fibers-4047e23a is being purged
254 verbose gentlyRm don't care about contents; nuking /myfile/dc/abcd/Lanify/node_modules/.staging/fibers-4047e23a
255 verbose tar unpack /root/.npm/passport/0.1.18/package.tgz
256 verbose tar unpacking to /myfile/dc/abcd/Lanify/node_modules/.staging/passport-9fb70bc6
257 silly gentlyRm /myfile/dc/abcd/Lanify/node_modules/.staging/passport-9fb70bc6 is being purged
258 verbose gentlyRm don't care about contents; nuking /myfile/dc/abcd/Lanify/node_modules/.staging/passport-9fb70bc6
259 verbose tar unpack /root/.npm/passport-remember-me/0.0.1/package.tgz
260 verbose tar unpacking to /myfile/dc/abcd/Lanify/node_modules/.staging/passport-remember-me-67c6b11d
261 silly gentlyRm /myfile/dc/abcd/Lanify/node_modules/.staging/passport-remember-me-67c6b11d is being purged
262 verbose gentlyRm don't care about contents; nuking /myfile/dc/abcd/Lanify/node_modules/.staging/passport-remember-me-67c6b11d
263 silly gunzTarPerm modes [ '755', '644' ]
264 silly gunzTarPerm modes [ '755', '644' ]
265 silly gunzTarPerm modes [ '755', '644' ]
266 silly gunzTarPerm extractEntry package.json
267 silly gunzTarPerm extractEntry package.json
268 silly gunzTarPerm extractEntry package.json
269 silly gunzTarPerm extractEntry .npmignore
270 silly gunzTarPerm extractEntry README.md
271 silly gunzTarPerm extractEntry README.md
272 silly gunzTarPerm extractEntry LICENSE
273 silly gunzTarPerm extractEntry README.md
274 silly gunzTarPerm extractEntry LICENSE
275 silly gunzTarPerm extractEntry LICENSE
276 silly gunzTarPerm extractEntry .travis.yml
277 silly gunzTarPerm extractEntry lib/passport/index.js
278 silly gunzTarPerm extractEntry .travis.yml
279 silly gunzTarPerm extractEntry lib/index.js
280 silly gunzTarPerm extractEntry quick-test.js
281 silly gunzTarPerm extractEntry future.js
282 silly gunzTarPerm extractEntry build.js
283 silly gunzTarPerm extractEntry lib/passport/strategy.js
284 silly gunzTarPerm extractEntry lib/strategy.js
285 silly gunzTarPerm extractEntry lib/utils.js
286 silly gunzTarPerm extractEntry test.js
287 silly gunzTarPerm extractEntry fibers.js
288 silly gunzTarPerm extractEntry lib/passport/context/http/actions.js
289 silly gunzTarPerm extractEntry lib/passport/context/http/context.js
290 silly gunzTarPerm extractEntry note.txt
291 silly gunzTarPerm extractEntry binding.gyp
292 silly gunzTarPerm extractEntry lib/passport/http/request.js
293 silly gunzTarPerm extractEntry lib/passport/middleware/authenticate.js
294 silly gunzTarPerm extractEntry bin/.npmignore
295 silly gunzTarPerm extractEntry bin/win32-x64-v8-5.0/fibers.node
296 silly gunzTarPerm extractEntry lib/passport/middleware/initialize.js
297 silly gunzTarPerm extractEntry lib/passport/strategies/session.js
298 silly gunzTarPerm extractEntry bin/darwin-ia32-v8-4.6/fibers.node
299 silly gunzTarPerm extractEntry bin/darwin-ia32-v8-5.0/fibers.node
300 silly gunzTarPerm extractEntry bin/darwin-x64-v8-4.5/fibers.node
301 silly gunzTarPerm extractEntry bin/darwin-x64-v8-4.6/fibers.node
302 silly gunzTarPerm extractEntry bin/darwin-x64-v8-5.0/fibers.node
303 silly gentlyRm /myfile/dc/abcd/Lanify/node_modules/.staging/passport-remember-me-67c6b11d/node_modules is being purged
304 verbose gentlyRm don't care about contents; nuking /myfile/dc/abcd/Lanify/node_modules/.staging/passport-remember-me-67c6b11d/node_modules
305 silly gunzTarPerm extractEntry bin/linux-ia32-v8-4.5/fibers.node
306 silly gunzTarPerm extractEntry bin/linux-ia32-v8-4.6/fibers.node
307 silly gunzTarPerm extractEntry bin/linux-ia32-v8-5.0/fibers.node
308 silly gunzTarPerm extractEntry bin/darwin-ia32-v8-4.5/fibers.node
309 silly gunzTarPerm extractEntry bin/linux-x64-v8-4.6/fibers.node
310 silly gunzTarPerm extractEntry bin/linux-x64-v8-5.0/fibers.node
311 silly gunzTarPerm extractEntry bin/repl
312 silly gunzTarPerm extractEntry bin/win32-ia32-v8-4.5/fibers.node
313 silly gunzTarPerm extractEntry bin/win32-ia32-v8-4.6/fibers.node
314 silly gentlyRm /myfile/dc/abcd/Lanify/node_modules/.staging/passport-9fb70bc6/node_modules is being purged
315 verbose gentlyRm don't care about contents; nuking /myfile/dc/abcd/Lanify/node_modules/.staging/passport-9fb70bc6/node_modules
316 silly gunzTarPerm extractEntry bin/win32-ia32-v8-5.0/fibers.node
317 silly gunzTarPerm extractEntry bin/win32-x64-v8-4.5/fibers.node
318 silly gunzTarPerm extractEntry bin/win32-x64-v8-4.6/fibers.node
319 silly gunzTarPerm extractEntry bin/linux-x64-v8-4.5/fibers.node
320 silly gunzTarPerm extractEntry src/coroutine.cc
321 silly gunzTarPerm extractEntry src/coroutine.h
322 silly gunzTarPerm extractEntry src/fibers.cc
323 silly gunzTarPerm extractEntry src/libcoro/README
324 silly gunzTarPerm extractEntry src/libcoro/LICENSE
325 silly gunzTarPerm extractEntry src/libcoro/conftest.c
326 silly gunzTarPerm extractEntry src/libcoro/coro.c
327 silly gunzTarPerm extractEntry src/libcoro/coro.h
328 silly gunzTarPerm extractEntry test/already-running.js
329 silly gunzTarPerm extractEntry test/exit.js
330 silly gunzTarPerm extractEntry test/fibonacci.js
331 silly gunzTarPerm extractEntry test/finish-multiple.js
332 silly gunzTarPerm extractEntry test/future-exception.js
333 silly gunzTarPerm extractEntry test/exec.js
334 silly gunzTarPerm extractEntry test/illegal-yield.js
335 silly gunzTarPerm extractEntry test/pool.js
336 silly gunzTarPerm extractEntry test/process-title.js
337 silly gunzTarPerm extractEntry test/stack-overflow.js
338 silly gunzTarPerm extractEntry test/stack-overflow2.js
339 silly gunzTarPerm extractEntry test/current.js
340 silly gunzTarPerm extractEntry test/stack-overflow3.js
341 silly gunzTarPerm extractEntry test/child-process.js
342 silly gunzTarPerm extractEntry test/started.js
343 silly gunzTarPerm extractEntry test/bad-context.js
344 silly gunzTarPerm extractEntry test/unwind.js
345 silly gunzTarPerm extractEntry test/future.js
346 silly gentlyRm /myfile/dc/abcd/Lanify/node_modules/.staging/fibers-4047e23a/node_modules is being purged
347 verbose gentlyRm don't care about contents; nuking /myfile/dc/abcd/Lanify/node_modules/.staging/fibers-4047e23a/node_modules
348 http 304 https://registry.npmjs.org/bcrypt-nodejs
349 verbose headers { date: 'Wed, 11 May 2016 08:42:45 GMT',
349 verbose headers   via: '1.1 varnish',
349 verbose headers   'cache-control': 'max-age=300',
349 verbose headers   etag: '"64QH7KLVRUYE4VUH9PVXMU5GO"',
349 verbose headers   age: '208',
349 verbose headers   connection: 'keep-alive',
349 verbose headers   'x-served-by': 'cache-sin6920-SIN',
349 verbose headers   'x-cache': 'HIT',
349 verbose headers   'x-cache-hits': '2',
349 verbose headers   'x-timer': 'S1462956165.682038,VS0,VE0',
349 verbose headers   vary: 'Accept-Encoding' }
350 silly get cb [ 304,
350 silly get   { date: 'Wed, 11 May 2016 08:42:45 GMT',
350 silly get     via: '1.1 varnish',
350 silly get     'cache-control': 'max-age=300',
350 silly get     etag: '"64QH7KLVRUYE4VUH9PVXMU5GO"',
350 silly get     age: '208',
350 silly get     connection: 'keep-alive',
350 silly get     'x-served-by': 'cache-sin6920-SIN',
350 silly get     'x-cache': 'HIT',
350 silly get     'x-cache-hits': '2',
350 silly get     'x-timer': 'S1462956165.682038,VS0,VE0',
350 silly get     vary: 'Accept-Encoding' } ]
351 verbose etag https://registry.npmjs.org/bcrypt-nodejs from cache
352 verbose get saving bcrypt-nodejs to /root/.npm/registry.npmjs.org/bcrypt-nodejs/.cache.json
353 verbose correctMkdir /root/.npm correctMkdir not in flight; initializing
354 silly mapToRegistry name bcrypt-nodejs
355 silly mapToRegistry using default registry
356 silly mapToRegistry registry https://registry.npmjs.org/
357 silly mapToRegistry data Result {
357 silly mapToRegistry   raw: 'bcrypt-nodejs',
357 silly mapToRegistry   scope: null,
357 silly mapToRegistry   name: 'bcrypt-nodejs',
357 silly mapToRegistry   rawSpec: '',
357 silly mapToRegistry   spec: 'latest',
357 silly mapToRegistry   type: 'tag' }
358 silly mapToRegistry uri https://registry.npmjs.org/bcrypt-nodejs
359 verbose addRemoteTarball https://registry.npmjs.org/bcrypt-nodejs/-/bcrypt-nodejs-0.0.3.tgz not in flight; adding
360 verbose addRemoteTarball [ 'https://registry.npmjs.org/bcrypt-nodejs/-/bcrypt-nodejs-0.0.3.tgz',
360 verbose addRemoteTarball   'c60917f26dc235661566c681061c303c2b28842b' ]
361 info retry fetch attempt 1 at 3:10:59 PM
362 info attempt registry request try #1 at 3:10:59 PM
363 http fetch GET https://registry.npmjs.org/bcrypt-nodejs/-/bcrypt-nodejs-0.0.3.tgz
364 http 304 https://registry.npmjs.org/cors
365 verbose headers { date: 'Wed, 11 May 2016 08:42:47 GMT',
365 verbose headers   via: '1.1 varnish',
365 verbose headers   'cache-control': 'max-age=300',
365 verbose headers   etag: '"8BWO6OON359E4RKJ7EK0500UF"',
365 verbose headers   age: '289',
365 verbose headers   connection: 'keep-alive',
365 verbose headers   'x-served-by': 'cache-sin6926-SIN',
365 verbose headers   'x-cache': 'HIT',
365 verbose headers   'x-cache-hits': '3',
365 verbose headers   'x-timer': 'S1462956167.960347,VS0,VE0',
365 verbose headers   vary: 'Accept-Encoding' }
366 silly get cb [ 304,
366 silly get   { date: 'Wed, 11 May 2016 08:42:47 GMT',
366 silly get     via: '1.1 varnish',
366 silly get     'cache-control': 'max-age=300',
366 silly get     etag: '"8BWO6OON359E4RKJ7EK0500UF"',
366 silly get     age: '289',
366 silly get     connection: 'keep-alive',
366 silly get     'x-served-by': 'cache-sin6926-SIN',
366 silly get     'x-cache': 'HIT',
366 silly get     'x-cache-hits': '3',
366 silly get     'x-timer': 'S1462956167.960347,VS0,VE0',
366 silly get     vary: 'Accept-Encoding' } ]
367 verbose etag https://registry.npmjs.org/cors from cache
368 verbose get saving cors to /root/.npm/registry.npmjs.org/cors/.cache.json
369 verbose correctMkdir /root/.npm correctMkdir not in flight; initializing
370 silly mapToRegistry name cors
371 silly mapToRegistry using default registry
372 silly mapToRegistry registry https://registry.npmjs.org/
373 silly mapToRegistry data Result {
373 silly mapToRegistry   raw: 'cors',
373 silly mapToRegistry   scope: null,
373 silly mapToRegistry   name: 'cors',
373 silly mapToRegistry   rawSpec: '',
373 silly mapToRegistry   spec: 'latest',
373 silly mapToRegistry   type: 'tag' }
374 silly mapToRegistry uri https://registry.npmjs.org/cors
375 verbose addRemoteTarball https://registry.npmjs.org/cors/-/cors-2.7.1.tgz not in flight; adding
376 verbose addRemoteTarball [ 'https://registry.npmjs.org/cors/-/cors-2.7.1.tgz',
376 verbose addRemoteTarball   '3c2e50a58af9ef8c89bee21226b099be1f02739b' ]
377 info retry fetch attempt 1 at 3:11:02 PM
378 info attempt registry request try #1 at 3:11:02 PM
379 http fetch GET https://registry.npmjs.org/cors/-/cors-2.7.1.tgz
380 http 304 https://registry.npmjs.org/node-localstorage
381 verbose headers { date: 'Wed, 11 May 2016 08:42:47 GMT',
381 verbose headers   via: '1.1 varnish',
381 verbose headers   'cache-control': 'max-age=300',
381 verbose headers   etag: '"MMCMMFHW3510GY6OX91J0GNJ"',
381 verbose headers   age: '0',
381 verbose headers   connection: 'keep-alive',
381 verbose headers   'x-served-by': 'cache-sin6925-SIN',
381 verbose headers   'x-cache': 'HIT',
381 verbose headers   'x-cache-hits': '1',
381 verbose headers   'x-timer': 'S1462956167.964558,VS0,VE211',
381 verbose headers   vary: 'Accept-Encoding' }
382 silly get cb [ 304,
382 silly get   { date: 'Wed, 11 May 2016 08:42:47 GMT',
382 silly get     via: '1.1 varnish',
382 silly get     'cache-control': 'max-age=300',
382 silly get     etag: '"MMCMMFHW3510GY6OX91J0GNJ"',
382 silly get     age: '0',
382 silly get     connection: 'keep-alive',
382 silly get     'x-served-by': 'cache-sin6925-SIN',
382 silly get     'x-cache': 'HIT',
382 silly get     'x-cache-hits': '1',
382 silly get     'x-timer': 'S1462956167.964558,VS0,VE211',
382 silly get     vary: 'Accept-Encoding' } ]
383 verbose etag https://registry.npmjs.org/node-localstorage from cache
384 verbose get saving node-localstorage to /root/.npm/registry.npmjs.org/node-localstorage/.cache.json
385 verbose correctMkdir /root/.npm correctMkdir not in flight; initializing
386 silly mapToRegistry name node-localstorage
387 silly mapToRegistry using default registry
388 silly mapToRegistry registry https://registry.npmjs.org/
389 silly mapToRegistry data Result {
389 silly mapToRegistry   raw: 'node-localstorage',
389 silly mapToRegistry   scope: null,
389 silly mapToRegistry   name: 'node-localstorage',
389 silly mapToRegistry   rawSpec: '',
389 silly mapToRegistry   spec: 'latest',
389 silly mapToRegistry   type: 'tag' }
390 silly mapToRegistry uri https://registry.npmjs.org/node-localstorage
391 verbose addRemoteTarball https://registry.npmjs.org/node-localstorage/-/node-localstorage-1.1.2.tgz not in flight; adding
392 verbose addRemoteTarball [ 'https://registry.npmjs.org/node-localstorage/-/node-localstorage-1.1.2.tgz',
392 verbose addRemoteTarball   'b8059fe6a5a099de16b37fdca3cdeadd2d1be03b' ]
393 info retry fetch attempt 1 at 3:11:02 PM
394 info attempt registry request try #1 at 3:11:02 PM
395 http fetch GET https://registry.npmjs.org/node-localstorage/-/node-localstorage-1.1.2.tgz
396 http fetch 200 https://registry.npmjs.org/cors/-/cors-2.7.1.tgz
397 silly fetchAndShaCheck shasum 3c2e50a58af9ef8c89bee21226b099be1f02739b
398 verbose addTmpTarball /tmp/npm-19490-90b27da7/registry.npmjs.org/cors/-/cors-2.7.1.tgz not in flight; adding
399 verbose addTmpTarball already have metadata; skipping unpack for cors@2.7.1
400 verbose correctMkdir /root/.npm correctMkdir not in flight; initializing
401 verbose unbuild node_modules/.staging/cors-f9b9a87b
402 silly gentlyRm /myfile/dc/abcd/Lanify/node_modules/.staging/cors-f9b9a87b is being purged from base /myfile/dc/abcd/Lanify
403 verbose gentlyRm don't care about contents; nuking /myfile/dc/abcd/Lanify/node_modules/.staging/cors-f9b9a87b
404 verbose tar unpack /root/.npm/cors/2.7.1/package.tgz
405 verbose tar unpacking to /myfile/dc/abcd/Lanify/node_modules/.staging/cors-f9b9a87b
406 silly gentlyRm /myfile/dc/abcd/Lanify/node_modules/.staging/cors-f9b9a87b is being purged
407 verbose gentlyRm don't care about contents; nuking /myfile/dc/abcd/Lanify/node_modules/.staging/cors-f9b9a87b
408 silly gunzTarPerm modes [ '755', '644' ]
409 silly gunzTarPerm extractEntry package.json
410 silly gunzTarPerm extractEntry .npmignore
411 silly gunzTarPerm extractEntry README.md
412 silly gunzTarPerm extractEntry LICENSE
413 silly gunzTarPerm extractEntry CONTRIBUTING.md
414 silly gunzTarPerm extractEntry .eslintrc
415 silly gunzTarPerm extractEntry lib/index.js
416 silly gunzTarPerm extractEntry .travis.yml
417 silly gunzTarPerm extractEntry test/basic-auth.js
418 silly gunzTarPerm extractEntry test/body-events.js
419 silly gunzTarPerm extractEntry test/cors.js
420 silly gunzTarPerm extractEntry test/error-response.js
421 silly gunzTarPerm extractEntry test/example-app.js
422 silly gunzTarPerm extractEntry test/issue-2.js
423 silly gunzTarPerm extractEntry test/issue-31.js
424 silly gunzTarPerm extractEntry test/mocha.opts
425 silly gentlyRm /myfile/dc/abcd/Lanify/node_modules/.staging/cors-f9b9a87b/node_modules is being purged
426 verbose gentlyRm don't care about contents; nuking /myfile/dc/abcd/Lanify/node_modules/.staging/cors-f9b9a87b/node_modules
427 http fetch 200 https://registry.npmjs.org/node-localstorage/-/node-localstorage-1.1.2.tgz
428 silly fetchAndShaCheck shasum b8059fe6a5a099de16b37fdca3cdeadd2d1be03b
429 verbose addTmpTarball /tmp/npm-19490-90b27da7/registry.npmjs.org/node-localstorage/-/node-localstorage-1.1.2.tgz not in flight; adding
430 verbose addTmpTarball already have metadata; skipping unpack for node-localstorage@1.1.2
431 verbose correctMkdir /root/.npm correctMkdir not in flight; initializing
432 verbose unbuild node_modules/.staging/node-localstorage-d70fbabe
433 silly gentlyRm /myfile/dc/abcd/Lanify/node_modules/.staging/node-localstorage-d70fbabe is being purged from base /myfile/dc/abcd/Lanify
434 verbose gentlyRm don't care about contents; nuking /myfile/dc/abcd/Lanify/node_modules/.staging/node-localstorage-d70fbabe
435 verbose tar unpack /root/.npm/node-localstorage/1.1.2/package.tgz
436 verbose tar unpacking to /myfile/dc/abcd/Lanify/node_modules/.staging/node-localstorage-d70fbabe
437 silly gentlyRm /myfile/dc/abcd/Lanify/node_modules/.staging/node-localstorage-d70fbabe is being purged
438 verbose gentlyRm don't care about contents; nuking /myfile/dc/abcd/Lanify/node_modules/.staging/node-localstorage-d70fbabe
439 silly gunzTarPerm modes [ '755', '644' ]
440 silly gunzTarPerm extractEntry package.json
441 silly gunzTarPerm extractEntry .npmignore
442 silly gunzTarPerm extractEntry README.md
443 silly gunzTarPerm extractEntry LocalStorage.js
444 silly gunzTarPerm extractEntry .travis.yml
445 silly gunzTarPerm extractEntry Cakefile
446 silly gunzTarPerm extractEntry .coveralls.yml
447 silly gunzTarPerm extractEntry test/test.html
448 silly gunzTarPerm extractEntry projectFilesBackup/.idea/workspace.xml
449 silly gentlyRm /myfile/dc/abcd/Lanify/node_modules/.staging/node-localstorage-d70fbabe/node_modules is being purged
450 verbose gentlyRm don't care about contents; nuking /myfile/dc/abcd/Lanify/node_modules/.staging/node-localstorage-d70fbabe/node_modules
451 http fetch 200 https://registry.npmjs.org/bcrypt-nodejs/-/bcrypt-nodejs-0.0.3.tgz
452 silly fetchAndShaCheck shasum c60917f26dc235661566c681061c303c2b28842b
453 verbose addTmpTarball /tmp/npm-19490-90b27da7/registry.npmjs.org/bcrypt-nodejs/-/bcrypt-nodejs-0.0.3.tgz not in flight; adding
454 verbose addTmpTarball already have metadata; skipping unpack for bcrypt-nodejs@0.0.3
455 verbose correctMkdir /root/.npm correctMkdir not in flight; initializing
456 verbose unbuild node_modules/.staging/bcrypt-nodejs-318d8999
457 silly gentlyRm /myfile/dc/abcd/Lanify/node_modules/.staging/bcrypt-nodejs-318d8999 is being purged from base /myfile/dc/abcd/Lanify
458 verbose gentlyRm don't care about contents; nuking /myfile/dc/abcd/Lanify/node_modules/.staging/bcrypt-nodejs-318d8999
459 verbose tar unpack /root/.npm/bcrypt-nodejs/0.0.3/package.tgz
460 verbose tar unpacking to /myfile/dc/abcd/Lanify/node_modules/.staging/bcrypt-nodejs-318d8999
461 silly gentlyRm /myfile/dc/abcd/Lanify/node_modules/.staging/bcrypt-nodejs-318d8999 is being purged
462 verbose gentlyRm don't care about contents; nuking /myfile/dc/abcd/Lanify/node_modules/.staging/bcrypt-nodejs-318d8999
463 silly gunzTarPerm modes [ '755', '644' ]
464 silly gunzTarPerm extractEntry package.json
465 silly gunzTarPerm modified mode [ 'package.json', 438, 420 ]
466 silly gunzTarPerm extractEntry .npmignore
467 silly gunzTarPerm modified mode [ '.npmignore', 438, 420 ]
468 silly gunzTarPerm extractEntry README.md
469 silly gunzTarPerm modified mode [ 'README.md', 438, 420 ]
470 silly gunzTarPerm extractEntry LICENSE
471 silly gunzTarPerm modified mode [ 'LICENSE', 438, 420 ]
472 silly gunzTarPerm extractEntry bCrypt.js
473 silly gunzTarPerm modified mode [ 'bCrypt.js', 438, 420 ]
474 silly gunzTarPerm extractEntry test-async.js
475 silly gunzTarPerm modified mode [ 'test-async.js', 438, 420 ]
476 silly gunzTarPerm extractEntry test-sync.js
477 silly gunzTarPerm modified mode [ 'test-sync.js', 438, 420 ]
478 silly gunzTarPerm extractEntry .gitattributes
479 silly gunzTarPerm modified mode [ '.gitattributes', 438, 420 ]
480 silly gentlyRm /myfile/dc/abcd/Lanify/node_modules/.staging/bcrypt-nodejs-318d8999/node_modules is being purged
481 verbose gentlyRm don't care about contents; nuking /myfile/dc/abcd/Lanify/node_modules/.staging/bcrypt-nodejs-318d8999/node_modules
482 silly doParallel preinstall 6
483 silly preinstall fibers@1.0.13 /myfile/dc/abcd/Lanify/node_modules/.staging/fibers-4047e23a
484 info lifecycle fibers@1.0.13~preinstall: fibers@1.0.13
485 silly preinstall passport@0.1.18 /myfile/dc/abcd/Lanify/node_modules/.staging/passport-9fb70bc6
486 info lifecycle passport@0.1.18~preinstall: passport@0.1.18
487 silly preinstall bcrypt-nodejs@0.0.3 /myfile/dc/abcd/Lanify/node_modules/.staging/bcrypt-nodejs-318d8999
488 info lifecycle bcrypt-nodejs@0.0.3~preinstall: bcrypt-nodejs@0.0.3
489 silly preinstall cors@2.7.1 /myfile/dc/abcd/Lanify/node_modules/.staging/cors-f9b9a87b
490 info lifecycle cors@2.7.1~preinstall: cors@2.7.1
491 silly preinstall node-localstorage@1.1.2 /myfile/dc/abcd/Lanify/node_modules/.staging/node-localstorage-d70fbabe
492 info lifecycle node-localstorage@1.1.2~preinstall: node-localstorage@1.1.2
493 silly preinstall passport-remember-me@0.0.1 /myfile/dc/abcd/Lanify/node_modules/.staging/passport-remember-me-67c6b11d
494 info lifecycle passport-remember-me@0.0.1~preinstall: passport-remember-me@0.0.1
495 silly lifecycle fibers@1.0.13~preinstall: no script for preinstall, continuing
496 silly lifecycle passport@0.1.18~preinstall: no script for preinstall, continuing
497 silly lifecycle bcrypt-nodejs@0.0.3~preinstall: no script for preinstall, continuing
498 silly lifecycle cors@2.7.1~preinstall: no script for preinstall, continuing
499 silly lifecycle node-localstorage@1.1.2~preinstall: no script for preinstall, continuing
500 silly lifecycle passport-remember-me@0.0.1~preinstall: no script for preinstall, continuing
501 silly doReverseSerial remove 0
502 silly doSerial move 0
503 silly doSerial finalize 6
504 silly finalize /myfile/dc/abcd/Lanify/node_modules/fibers
505 silly finalize /myfile/dc/abcd/Lanify/node_modules/passport-remember-me/node_modules/passport
506 silly finalize /myfile/dc/abcd/Lanify/node_modules/bcrypt-nodejs
507 silly finalize /myfile/dc/abcd/Lanify/node_modules/cors
508 silly finalize /myfile/dc/abcd/Lanify/node_modules/node-localstorage
509 silly finalize /myfile/dc/abcd/Lanify/node_modules/passport-remember-me
510 verbose unlock done using /root/.npm/_locks/staging-1aa9ce0c4dc9ced5.lock for /myfile/dc/abcd/Lanify/node_modules/.staging
511 silly rollbackFailedOptional Starting
512 silly rollbackFailedOptional Finishing
513 silly runTopLevelLifecycles Starting
514 silly runTopLevelLifecycles Finishing
515 silly install printInstalled
516 warn mongodb-core@1.2.30 requires a peer of kerberos@~0.0 but none was installed.
517 verbose stack Error: ENOTEMPTY: directory not empty, rename '/myfile/dc/abcd/Lanify/node_modules/passport-remember-me' -> '/myfile/dc/abcd/Lanify/node_modules/.passport-remember-me.DELETE'
517 verbose stack     at moveAway (/usr/lib/node_modules/npm/lib/install/action/finalize.js:38:5)
517 verbose stack     at destStatted (/usr/lib/node_modules/npm/lib/install/action/finalize.js:27:7)
517 verbose stack     at FSReqWrap.oncomplete (fs.js:117:15)
517 verbose stack
517 verbose stack Error: ENOTEMPTY: directory not empty, rename '/myfile/dc/abcd/Lanify/node_modules/passport-remember-me' -> '/myfile/dc/abcd/Lanify/node_modules/.passport-remember-me.DELETE'
517 verbose stack     at Error (native)
518 verbose cwd /myfile/dc/abcd/Lanify
519 error Linux 4.5.1-1-ARCH
520 error argv "/usr/bin/node" "/usr/bin/npm" "install" "passport-remember-me"
521 error node v6.0.0
522 error npm  v3.8.8
523 error path /myfile/dc/abcd/Lanify/node_modules/passport-remember-me
524 error code ENOTEMPTY
525 error errno -39
526 error syscall rename
527 error ENOTEMPTY: directory not empty, rename '/myfile/dc/abcd/Lanify/node_modules/passport-remember-me' -> '/myfile/dc/abcd/Lanify/node_modules/.passport-remember-me.DELETE'
528 error If you need help, you may report this error at:
528 error     <https://github.com/npm/npm/issues>
529 verbose exit [ -39, true ]
